<?xml version="1.0" encoding="UTF-8"?>
<!-- Generated by org.testng.reporters.JUnitReportReporter -->
<testsuite hostname="DESKTOP-J3TA452" name="demotrainingpackage.NewTest" tests="2" failures="0" timestamp="31 Jan 2021 16:35:11 GMT" time="0.005" errors="0">
  <testcase name="f1" time="0.001" classname="demotrainingpackage.NewTest"/>
  <testcase name="f" time="0.004" classname="demotrainingpackage.NewTest"/>
</testsuite> <!-- demotrainingpackage.NewTest -->
