<?xml version="1.0" encoding="UTF-8"?>
<!-- Generated by org.testng.reporters.JUnitReportReporter -->
<testsuite hostname="DESKTOP-J3TA452" name="demotrainingpackage.MercuryToursTest2" tests="1" failures="0" timestamp="14 Feb 2021 14:52:49 GMT" time="1.982" errors="0">
  <testcase name="f1" time="1.982" classname="demotrainingpackage.MercuryToursTest2"/>
</testsuite> <!-- demotrainingpackage.MercuryToursTest2 -->
