<?xml version="1.0" encoding="UTF-8"?>
<!-- Generated by org.testng.reporters.JUnitReportReporter -->
<testsuite hostname="DESKTOP-J3TA452" name="demotrainingpackage.MercuryToursTest" tests="1" failures="0" timestamp="9 Feb 2021 12:23:22 GMT" time="5.819" errors="0">
  <testcase name="f2" time="5.819" classname="demotrainingpackage.MercuryToursTest"/>
</testsuite> <!-- demotrainingpackage.MercuryToursTest -->
