<?xml version="1.0" encoding="UTF-8"?>
<!-- Generated by org.testng.reporters.JUnitReportReporter -->
<testsuite hostname="DESKTOP-J3TA452" name="demotrainingpackage.Registration" tests="4" failures="0" timestamp="6 Feb 2021 15:57:15 GMT" time="13.234" errors="0">
  <testcase name="f" time="5.635" classname="demotrainingpackage.Registration"/>
  <testcase name="f1" time="3.433" classname="demotrainingpackage.Registration"/>
  <testcase name="f2" time="2.814" classname="demotrainingpackage.Registration"/>
  <testcase name="f4" time="1.352" classname="demotrainingpackage.Registration"/>
</testsuite> <!-- demotrainingpackage.Registration -->
